<?xml version="1.0" encoding="UTF-8" standalone="no"?>
<!DOCTYPE log SYSTEM "logger.dtd">
<log>
<record>
  <date>2019-06-12T11:38:01</date>
  <millis>1560332281043</millis>
  <sequence>0</sequence>
  <level>START</level>
  <class>com.kms.katalon.core.logging.XmlKeywordLogger</class>
  <method>startSuite</method>
  <thread>1</thread>
  <message>Start Test Suite : Test Suites/TS-FULL</message>
  <nestedLevel>0</nestedLevel>
  <property name="name">TS-FULL</property>
  <property name="description"></property>
  <property name="id">Test Suites/TS-FULL</property>
</record>
<record>
  <date>2019-06-12T11:38:01</date>
  <millis>1560332281070</millis>
  <sequence>1</sequence>
  <level>RUN_DATA</level>
  <class>com.kms.katalon.core.logging.XmlKeywordLogger</class>
  <method>logMessage</method>
  <thread>1</thread>
  <message>hostName = User - User-PC</message>
  <nestedLevel>0</nestedLevel>
  <property name="hostName">User - User-PC</property>
</record>
<record>
  <date>2019-06-12T11:38:01</date>
  <millis>1560332281071</millis>
  <sequence>2</sequence>
  <level>RUN_DATA</level>
  <class>com.kms.katalon.core.logging.XmlKeywordLogger</class>
  <method>logMessage</method>
  <thread>1</thread>
  <message>os = Windows 7 64bit</message>
  <nestedLevel>0</nestedLevel>
  <property name="os">Windows 7 64bit</property>
</record>
<record>
  <date>2019-06-12T11:38:01</date>
  <millis>1560332281072</millis>
  <sequence>3</sequence>
  <level>RUN_DATA</level>
  <class>com.kms.katalon.core.logging.XmlKeywordLogger</class>
  <method>logMessage</method>
  <thread>1</thread>
  <message>hostAddress = 192.168.1.104</message>
  <nestedLevel>0</nestedLevel>
  <property name="hostAddress">192.168.1.104</property>
</record>
<record>
  <date>2019-06-12T11:38:01</date>
  <millis>1560332281074</millis>
  <sequence>4</sequence>
  <level>RUN_DATA</level>
  <class>com.kms.katalon.core.logging.XmlKeywordLogger</class>
  <method>logMessage</method>
  <thread>1</thread>
  <message>katalonVersion = 6.1.5.3</message>
  <nestedLevel>0</nestedLevel>
  <property name="katalonVersion">6.1.5.3</property>
</record>
<record>
  <date>2019-06-12T11:38:01</date>
  <millis>1560332281352</millis>
  <sequence>5</sequence>
  <level>START</level>
  <class>com.kms.katalon.core.logging.XmlKeywordLogger</class>
  <method>startTest</method>
  <thread>1</thread>
  <message>Start Test Case : Test Cases/MODULOK_nincs_login_belinkelve/Pacienstorzs/TC-MODUL-Pacienstorzs_paciensfelvetel_full_check</message>
  <nestedLevel>1</nestedLevel>
  <property name="name">Test Cases/MODULOK_nincs_login_belinkelve/Pacienstorzs/TC-MODUL-Pacienstorzs_paciensfelvetel_full_check</property>
  <property name="description">Felvesz egy p\u00E1cienset, majd mindent ellen\u0151riz, hogy a felvett adatok bekert\u00FCltek-e mindehova.</property>
  <property name="id">Test Cases/MODULOK_nincs_login_belinkelve/Pacienstorzs/TC-MODUL-Pacienstorzs_paciensfelvetel_full_check</property>
  <property name="source">C:\\Users\\User\\Katalon Studio\\RaulWeb1\\Test Cases\\MODULOK_nincs_login_belinkelve\\Pacienstorzs\\TC-MODUL-Pacienstorzs_paciensfelvetel_full_check.tc</property>
  <property name="tag"></property>
  <property name="isOptional">false</property>
</record>
<record>
  <date>2019-06-12T11:38:01</date>
  <millis>1560332281728</millis>
  <sequence>7</sequence>
  <level>INFO</level>
  <class>com.kms.katalon.core.logging.XmlKeywordLogger</class>
  <method>logMessage</method>
  <thread>1</thread>
  <message>(Default) var_nev = Uj_pajti</message>
  <nestedLevel>1</nestedLevel>
</record>
<record>
  <date>2019-06-12T11:38:01</date>
  <millis>1560332281742</millis>
  <sequence>8</sequence>
  <level>INFO</level>
  <class>com.kms.katalon.core.logging.XmlKeywordLogger</class>
  <method>logMessage</method>
  <thread>1</thread>
  <message>(Default) var_azonositoTip = 2</message>
  <nestedLevel>1</nestedLevel>
</record>
<record>
  <date>2019-06-12T11:38:01</date>
  <millis>1560332281752</millis>
  <sequence>9</sequence>
  <level>INFO</level>
  <class>com.kms.katalon.core.logging.XmlKeywordLogger</class>
  <method>logMessage</method>
  <thread>1</thread>
  <message>(Default) var_azonosito = 987654321</message>
  <nestedLevel>1</nestedLevel>
</record>
<record>
  <date>2019-06-12T11:38:01</date>
  <millis>1560332281762</millis>
  <sequence>10</sequence>
  <level>INFO</level>
  <class>com.kms.katalon.core.logging.XmlKeywordLogger</class>
  <method>logMessage</method>
  <thread>1</thread>
  <message>(Default) var_szulDat = 1984-12-01</message>
  <nestedLevel>1</nestedLevel>
</record>
<record>
  <date>2019-06-12T11:38:01</date>
  <millis>1560332281775</millis>
  <sequence>11</sequence>
  <level>INFO</level>
  <class>com.kms.katalon.core.logging.XmlKeywordLogger</class>
  <method>logMessage</method>
  <thread>1</thread>
  <message>(Default) var_szulHely = szulHely</message>
  <nestedLevel>1</nestedLevel>
</record>
<record>
  <date>2019-06-12T11:38:01</date>
  <millis>1560332281786</millis>
  <sequence>12</sequence>
  <level>INFO</level>
  <class>com.kms.katalon.core.logging.XmlKeywordLogger</class>
  <method>logMessage</method>
  <thread>1</thread>
  <message>(Default) var_anyjaNeve = anyjaNeve</message>
  <nestedLevel>1</nestedLevel>
</record>
<record>
  <date>2019-06-12T11:38:01</date>
  <millis>1560332281801</millis>
  <sequence>13</sequence>
  <level>INFO</level>
  <class>com.kms.katalon.core.logging.XmlKeywordLogger</class>
  <method>logMessage</method>
  <thread>1</thread>
  <message>(Default) var_szulNev = szulNev</message>
  <nestedLevel>1</nestedLevel>
</record>
<record>
  <date>2019-06-12T11:38:01</date>
  <millis>1560332281818</millis>
  <sequence>14</sequence>
  <level>INFO</level>
  <class>com.kms.katalon.core.logging.XmlKeywordLogger</class>
  <method>logMessage</method>
  <thread>1</thread>
  <message>(Default) var_allampolg = 109</message>
  <nestedLevel>1</nestedLevel>
</record>
<record>
  <date>2019-06-12T11:38:01</date>
  <millis>1560332281835</millis>
  <sequence>15</sequence>
  <level>INFO</level>
  <class>com.kms.katalon.core.logging.XmlKeywordLogger</class>
  <method>logMessage</method>
  <thread>1</thread>
  <message>(Default) var_tel = tel</message>
  <nestedLevel>1</nestedLevel>
</record>
<record>
  <date>2019-06-12T11:38:01</date>
  <millis>1560332281848</millis>
  <sequence>16</sequence>
  <level>INFO</level>
  <class>com.kms.katalon.core.logging.XmlKeywordLogger</class>
  <method>logMessage</method>
  <thread>1</thread>
  <message>(Default) var_mobile = 302147895</message>
  <nestedLevel>1</nestedLevel>
</record>
<record>
  <date>2019-06-12T11:38:01</date>
  <millis>1560332281860</millis>
  <sequence>17</sequence>
  <level>INFO</level>
  <class>com.kms.katalon.core.logging.XmlKeywordLogger</class>
  <method>logMessage</method>
  <thread>1</thread>
  <message>(Default) var_irsz = irsz</message>
  <nestedLevel>1</nestedLevel>
</record>
<record>
  <date>2019-06-12T11:38:01</date>
  <millis>1560332281872</millis>
  <sequence>18</sequence>
  <level>INFO</level>
  <class>com.kms.katalon.core.logging.XmlKeywordLogger</class>
  <method>logMessage</method>
  <thread>1</thread>
  <message>(Default) var_telep = telep</message>
  <nestedLevel>1</nestedLevel>
</record>
<record>
  <date>2019-06-12T11:38:01</date>
  <millis>1560332281885</millis>
  <sequence>19</sequence>
  <level>INFO</level>
  <class>com.kms.katalon.core.logging.XmlKeywordLogger</class>
  <method>logMessage</method>
  <thread>1</thread>
  <message>(Default) var_cim = cim</message>
  <nestedLevel>1</nestedLevel>
</record>
<record>
  <date>2019-06-12T11:38:01</date>
  <millis>1560332281898</millis>
  <sequence>20</sequence>
  <level>INFO</level>
  <class>com.kms.katalon.core.logging.XmlKeywordLogger</class>
  <method>logMessage</method>
  <thread>1</thread>
  <message>(Default) var_email = email</message>
  <nestedLevel>1</nestedLevel>
</record>
<record>
  <date>2019-06-12T11:38:01</date>
  <millis>1560332281910</millis>
  <sequence>21</sequence>
  <level>INFO</level>
  <class>com.kms.katalon.core.logging.XmlKeywordLogger</class>
  <method>logMessage</method>
  <thread>1</thread>
  <message>(Default) var_szig = szig</message>
  <nestedLevel>1</nestedLevel>
</record>
<record>
  <date>2019-06-12T11:38:01</date>
  <millis>1560332281923</millis>
  <sequence>22</sequence>
  <level>INFO</level>
  <class>com.kms.katalon.core.logging.XmlKeywordLogger</class>
  <method>logMessage</method>
  <thread>1</thread>
  <message>(Default) var_kgyogyKezd = 2010-01-01</message>
  <nestedLevel>1</nestedLevel>
</record>
<record>
  <date>2019-06-12T11:38:01</date>
  <millis>1560332281938</millis>
  <sequence>23</sequence>
  <level>INFO</level>
  <class>com.kms.katalon.core.logging.XmlKeywordLogger</class>
  <method>logMessage</method>
  <thread>1</thread>
  <message>(Default) var_kgyogyVege = 2010-03-10</message>
  <nestedLevel>1</nestedLevel>
</record>
<record>
  <date>2019-06-12T11:38:01</date>
  <millis>1560332281951</millis>
  <sequence>24</sequence>
  <level>INFO</level>
  <class>com.kms.katalon.core.logging.XmlKeywordLogger</class>
  <method>logMessage</method>
  <thread>1</thread>
  <message>(Default) var_kgyogyIgSzam = kgyogyIgSzam</message>
  <nestedLevel>1</nestedLevel>
</record>
<record>
  <date>2019-06-12T11:38:01</date>
  <millis>1560332281967</millis>
  <sequence>25</sequence>
  <level>INFO</level>
  <class>com.kms.katalon.core.logging.XmlKeywordLogger</class>
  <method>logMessage</method>
  <thread>1</thread>
  <message>(Default) var_noinput_azonElofordul = false</message>
  <nestedLevel>1</nestedLevel>
</record>
<record>
  <date>2019-06-12T11:38:01</date>
  <millis>1560332281970</millis>
  <sequence>26</sequence>
  <level>START</level>
  <class>com.kms.katalon.core.logging.XmlKeywordLogger</class>
  <method>startKeyword</method>
  <thread>1</thread>
  <message>Start listener action : beforeTestcase</message>
  <nestedLevel>1</nestedLevel>
</record>
<record>
  <date>2019-06-12T11:38:01</date>
  <millis>1560332281987</millis>
  <sequence>28</sequence>
  <level>START</level>
  <class>com.kms.katalon.core.logging.XmlKeywordLogger</class>
  <method>startKeyword</method>
  <thread>1</thread>
  <message>Start action : openBrowser(\&amp;quot;\&amp;quot;)</message>
  <nestedLevel>1</nestedLevel>
  <property name="startLine">32</property>
  <property name="stepIndex">1</property>
</record>
<record>
  <date>2019-06-12T11:38:02</date>
  <millis>1560332282364</millis>
  <sequence>30</sequence>
  <level>INFO</level>
  <class>com.kms.katalon.core.logging.XmlKeywordLogger</class>
  <method>logMessage</method>
  <thread>1</thread>
  <message>Starting &amp;apos;Chrome&amp;apos; driver</message>
  <nestedLevel>1</nestedLevel>
</record>
<record>
  <date>2019-06-12T11:38:02</date>
  <millis>1560332282413</millis>
  <sequence>31</sequence>
  <level>INFO</level>
  <class>com.kms.katalon.core.logging.XmlKeywordLogger</class>
  <method>logMessage</method>
  <thread>1</thread>
  <message>Action delay is set to 0 seconds</message>
  <nestedLevel>1</nestedLevel>
</record>
<record>
  <date>2019-06-12T11:38:07</date>
  <millis>1560332287321</millis>
  <sequence>33</sequence>
  <level>RUN_DATA</level>
  <class>com.kms.katalon.core.logging.XmlKeywordLogger</class>
  <method>logMessage</method>
  <thread>1</thread>
  <message>sessionId = 7aa56690e410a53f623e6bb1862977b3</message>
  <nestedLevel>1</nestedLevel>
  <property name="sessionId">7aa56690e410a53f623e6bb1862977b3</property>
</record>
<record>
  <date>2019-06-12T11:38:07</date>
  <millis>1560332287347</millis>
  <sequence>34</sequence>
  <level>RUN_DATA</level>
  <class>com.kms.katalon.core.logging.XmlKeywordLogger</class>
  <method>logMessage</method>
  <thread>1</thread>
  <message>browser = Chrome 74.0.3729.169</message>
  <nestedLevel>1</nestedLevel>
  <property name="browser">Chrome 74.0.3729.169</property>
</record>
<record>
  <date>2019-06-12T11:38:07</date>
  <millis>1560332287348</millis>
  <sequence>35</sequence>
  <level>RUN_DATA</level>
  <class>com.kms.katalon.core.logging.XmlKeywordLogger</class>
  <method>logMessage</method>
  <thread>1</thread>
  <message>platform = Windows 7</message>
  <nestedLevel>1</nestedLevel>
  <property name="platform">Windows 7</property>
</record>
<record>
  <date>2019-06-12T11:38:07</date>
  <millis>1560332287352</millis>
  <sequence>36</sequence>
  <level>RUN_DATA</level>
  <class>com.kms.katalon.core.logging.XmlKeywordLogger</class>
  <method>logMessage</method>
  <thread>1</thread>
  <message>seleniumVersion = 3.7.1</message>
  <nestedLevel>1</nestedLevel>
  <property name="seleniumVersion">3.7.1</property>
</record>
<record>
  <date>2019-06-12T11:38:07</date>
  <millis>1560332287353</millis>
  <sequence>37</sequence>
  <level>RUN_DATA</level>
  <class>com.kms.katalon.core.logging.XmlKeywordLogger</class>
  <method>logMessage</method>
  <thread>1</thread>
  <message>proxyInformation = ProxyInformation{proxyOption=NO_PROXY, proxyServerType=HTTP, password=, proxyServerAddress=, proxyServerPort=0}</message>
  <nestedLevel>1</nestedLevel>
  <property name="proxyInformation">ProxyInformation{proxyOption=NO_PROXY, proxyServerType=HTTP, password=, proxyServerAddress=, proxyServerPort=0}</property>
</record>
<record>
  <date>2019-06-12T11:38:07</date>
  <millis>1560332287355</millis>
  <sequence>38</sequence>
  <level>PASSED</level>
  <class>com.kms.katalon.core.logging.XmlKeywordLogger</class>
  <method>logMessage</method>
  <thread>1</thread>
  <message>Browser is opened with url: &amp;apos;&amp;apos;</message>
  <nestedLevel>1</nestedLevel>
</record>
<record>
  <date>2019-06-12T11:38:07</date>
  <millis>1560332287355</millis>
  <sequence>39</sequence>
  <level>END</level>
  <class>com.kms.katalon.core.logging.XmlKeywordLogger</class>
  <method>endKeyword</method>
  <thread>1</thread>
  <message>End action : openBrowser(\&amp;quot;\&amp;quot;)</message>
  <nestedLevel>1</nestedLevel>
</record>
<record>
  <date>2019-06-12T11:38:07</date>
  <millis>1560332287356</millis>
  <sequence>40</sequence>
  <level>START</level>
  <class>com.kms.katalon.core.logging.XmlKeywordLogger</class>
  <method>startKeyword</method>
  <thread>1</thread>
  <message>Start action : deleteAllCookies()</message>
  <nestedLevel>1</nestedLevel>
  <property name="startLine">33</property>
  <property name="stepIndex">2</property>
</record>
<record>
  <date>2019-06-12T11:38:07</date>
  <millis>1560332287394</millis>
  <sequence>41</sequence>
  <level>PASSED</level>
  <class>com.kms.katalon.core.logging.XmlKeywordLogger</class>
  <method>logMessage</method>
  <thread>1</thread>
  <message>Delete all cookies successfully</message>
  <nestedLevel>1</nestedLevel>
</record>
<record>
  <date>2019-06-12T11:38:07</date>
  <millis>1560332287394</millis>
  <sequence>42</sequence>
  <level>END</level>
  <class>com.kms.katalon.core.logging.XmlKeywordLogger</class>
  <method>endKeyword</method>
  <thread>1</thread>
  <message>End action : deleteAllCookies()</message>
  <nestedLevel>1</nestedLevel>
</record>
<record>
  <date>2019-06-12T11:38:07</date>
  <millis>1560332287395</millis>
  <sequence>43</sequence>
  <level>START</level>
  <class>com.kms.katalon.core.logging.XmlKeywordLogger</class>
  <method>startKeyword</method>
  <thread>1</thread>
  <message>Start action : maximizeWindow()</message>
  <nestedLevel>1</nestedLevel>
  <property name="startLine">34</property>
  <property name="stepIndex">3</property>
</record>
<record>
  <date>2019-06-12T11:38:08</date>
  <millis>1560332288532</millis>
  <sequence>45</sequence>
  <level>PASSED</level>
  <class>com.kms.katalon.core.logging.XmlKeywordLogger</class>
  <method>logMessage</method>
  <thread>1</thread>
  <message>Current window maximized</message>
  <nestedLevel>1</nestedLevel>
</record>
<record>
  <date>2019-06-12T11:38:08</date>
  <millis>1560332288532</millis>
  <sequence>46</sequence>
  <level>END</level>
  <class>com.kms.katalon.core.logging.XmlKeywordLogger</class>
  <method>endKeyword</method>
  <thread>1</thread>
  <message>End action : maximizeWindow()</message>
  <nestedLevel>1</nestedLevel>
</record>
<record>
  <date>2019-06-12T11:38:08</date>
  <millis>1560332288533</millis>
  <sequence>47</sequence>
  <level>START</level>
  <class>com.kms.katalon.core.logging.XmlKeywordLogger</class>
  <method>startKeyword</method>
  <thread>1</thread>
  <message>Start action : navigateToUrl(URL)</message>
  <nestedLevel>1</nestedLevel>
  <property name="startLine">35</property>
  <property name="stepIndex">4</property>
</record>
<record>
  <date>2019-06-12T11:38:10</date>
  <millis>1560332290740</millis>
  <sequence>50</sequence>
  <level>PASSED</level>
  <class>com.kms.katalon.core.logging.XmlKeywordLogger</class>
  <method>logMessage</method>
  <thread>1</thread>
  <message>Navigate to &amp;apos;http://dokirex.hu&amp;apos; successfully</message>
  <nestedLevel>1</nestedLevel>
</record>
<record>
  <date>2019-06-12T11:38:10</date>
  <millis>1560332290741</millis>
  <sequence>51</sequence>
  <level>END</level>
  <class>com.kms.katalon.core.logging.XmlKeywordLogger</class>
  <method>endKeyword</method>
  <thread>1</thread>
  <message>End action : navigateToUrl(URL)</message>
  <nestedLevel>1</nestedLevel>
</record>
<record>
  <date>2019-06-12T11:38:10</date>
  <millis>1560332290742</millis>
  <sequence>52</sequence>
  <level>START</level>
  <class>com.kms.katalon.core.logging.XmlKeywordLogger</class>
  <method>startKeyword</method>
  <thread>1</thread>
  <message>Start action : setText(findTestObject(\&amp;quot;Test_Login/input_Elfelejtett jelsz_username\&amp;quot;), username)</message>
  <nestedLevel>1</nestedLevel>
  <property name="startLine">36</property>
  <property name="stepIndex">5</property>
</record>
<record>
  <date>2019-06-12T11:38:11</date>
  <millis>1560332291035</millis>
  <sequence>61</sequence>
  <level>PASSED</level>
  <class>com.kms.katalon.core.logging.XmlKeywordLogger</class>
  <method>logMessage</method>
  <thread>1</thread>
  <message>Text &amp;apos;dokirex@kardisoft.hu&amp;apos; is set on object &amp;apos;Object Repository/Test_Login/input_Elfelejtett jelsz_username&amp;apos;</message>
  <nestedLevel>1</nestedLevel>
</record>
<record>
  <date>2019-06-12T11:38:11</date>
  <millis>1560332291036</millis>
  <sequence>62</sequence>
  <level>END</level>
  <class>com.kms.katalon.core.logging.XmlKeywordLogger</class>
  <method>endKeyword</method>
  <thread>1</thread>
  <message>End action : setText(findTestObject(\&amp;quot;Test_Login/input_Elfelejtett jelsz_username\&amp;quot;), username)</message>
  <nestedLevel>1</nestedLevel>
</record>
<record>
  <date>2019-06-12T11:38:11</date>
  <millis>1560332291036</millis>
  <sequence>63</sequence>
  <level>START</level>
  <class>com.kms.katalon.core.logging.XmlKeywordLogger</class>
  <method>startKeyword</method>
  <thread>1</thread>
  <message>Start action : setText(findTestObject(\&amp;quot;Test_Login/input_Elfelejtett jelsz_password\&amp;quot;), password)</message>
  <nestedLevel>1</nestedLevel>
  <property name="startLine">37</property>
  <property name="stepIndex">6</property>
</record>
<record>
  <date>2019-06-12T11:38:11</date>
  <millis>1560332291184</millis>
  <sequence>72</sequence>
  <level>PASSED</level>
  <class>com.kms.katalon.core.logging.XmlKeywordLogger</class>
  <method>logMessage</method>
  <thread>1</thread>
  <message>Text &amp;apos;702CE&amp;apos; is set on object &amp;apos;Object Repository/Test_Login/input_Elfelejtett jelsz_password&amp;apos;</message>
  <nestedLevel>1</nestedLevel>
</record>
<record>
  <date>2019-06-12T11:38:11</date>
  <millis>1560332291184</millis>
  <sequence>73</sequence>
  <level>END</level>
  <class>com.kms.katalon.core.logging.XmlKeywordLogger</class>
  <method>endKeyword</method>
  <thread>1</thread>
  <message>End action : setText(findTestObject(\&amp;quot;Test_Login/input_Elfelejtett jelsz_password\&amp;quot;), password)</message>
  <nestedLevel>1</nestedLevel>
</record>
<record>
  <date>2019-06-12T11:38:11</date>
  <millis>1560332291184</millis>
  <sequence>74</sequence>
  <level>START</level>
  <class>com.kms.katalon.core.logging.XmlKeywordLogger</class>
  <method>startKeyword</method>
  <thread>1</thread>
  <message>Start action : click(findTestObject(\&amp;quot;Test_Login/button_Bejelentkezs\&amp;quot;))</message>
  <nestedLevel>1</nestedLevel>
  <property name="startLine">38</property>
  <property name="stepIndex">7</property>
</record>
<record>
  <date>2019-06-12T11:38:12</date>
  <millis>1560332292221</millis>
  <sequence>81</sequence>
  <level>PASSED</level>
  <class>com.kms.katalon.core.logging.XmlKeywordLogger</class>
  <method>logMessage</method>
  <thread>1</thread>
  <message>Object: &amp;apos;Object Repository/Test_Login/button_Bejelentkezs&amp;apos; is clicked on</message>
  <nestedLevel>1</nestedLevel>
</record>
<record>
  <date>2019-06-12T11:38:12</date>
  <millis>1560332292222</millis>
  <sequence>82</sequence>
  <level>END</level>
  <class>com.kms.katalon.core.logging.XmlKeywordLogger</class>
  <method>endKeyword</method>
  <thread>1</thread>
  <message>End action : click(findTestObject(\&amp;quot;Test_Login/button_Bejelentkezs\&amp;quot;))</message>
  <nestedLevel>1</nestedLevel>
</record>
<record>
  <date>2019-06-12T11:38:12</date>
  <millis>1560332292223</millis>
  <sequence>83</sequence>
  <level>START</level>
  <class>com.kms.katalon.core.logging.XmlKeywordLogger</class>
  <method>startKeyword</method>
  <thread>1</thread>
  <message>Start action : waitForElementVisible(findTestObject(\&amp;quot;PacienstorzsSearch/input_Keress_search\&amp;quot;), 20)</message>
  <nestedLevel>1</nestedLevel>
  <property name="startLine">39</property>
  <property name="stepIndex">8</property>
</record>
