<?xml version="1.0" encoding="UTF-8" standalone="no"?>
<!DOCTYPE log SYSTEM "logger.dtd">
<log>
<record>
  <date>2019-06-12T12:58:42</date>
  <millis>1560337122273</millis>
  <sequence>0</sequence>
  <level>START</level>
  <class>com.kms.katalon.core.logging.XmlKeywordLogger</class>
  <method>startSuite</method>
  <thread>1</thread>
  <message>Start Test Suite : Test Suites/TS-FULL</message>
  <nestedLevel>0</nestedLevel>
  <property name="name">TS-FULL</property>
  <property name="description"></property>
  <property name="id">Test Suites/TS-FULL</property>
</record>
<record>
  <date>2019-06-12T12:58:42</date>
  <millis>1560337122295</millis>
  <sequence>1</sequence>
  <level>RUN_DATA</level>
  <class>com.kms.katalon.core.logging.XmlKeywordLogger</class>
  <method>logMessage</method>
  <thread>1</thread>
  <message>hostName = User - User-PC</message>
  <nestedLevel>0</nestedLevel>
  <property name="hostName">User - User-PC</property>
</record>
<record>
  <date>2019-06-12T12:58:42</date>
  <millis>1560337122296</millis>
  <sequence>2</sequence>
  <level>RUN_DATA</level>
  <class>com.kms.katalon.core.logging.XmlKeywordLogger</class>
  <method>logMessage</method>
  <thread>1</thread>
  <message>os = Windows 7 64bit</message>
  <nestedLevel>0</nestedLevel>
  <property name="os">Windows 7 64bit</property>
</record>
<record>
  <date>2019-06-12T12:58:42</date>
  <millis>1560337122297</millis>
  <sequence>3</sequence>
  <level>RUN_DATA</level>
  <class>com.kms.katalon.core.logging.XmlKeywordLogger</class>
  <method>logMessage</method>
  <thread>1</thread>
  <message>hostAddress = 192.168.1.104</message>
  <nestedLevel>0</nestedLevel>
  <property name="hostAddress">192.168.1.104</property>
</record>
<record>
  <date>2019-06-12T12:58:42</date>
  <millis>1560337122300</millis>
  <sequence>4</sequence>
  <level>RUN_DATA</level>
  <class>com.kms.katalon.core.logging.XmlKeywordLogger</class>
  <method>logMessage</method>
  <thread>1</thread>
  <message>katalonVersion = 6.1.5.3</message>
  <nestedLevel>0</nestedLevel>
  <property name="katalonVersion">6.1.5.3</property>
</record>
<record>
  <date>2019-06-12T12:58:42</date>
  <millis>1560337122533</millis>
  <sequence>5</sequence>
  <level>START</level>
  <class>com.kms.katalon.core.logging.XmlKeywordLogger</class>
  <method>startTest</method>
  <thread>1</thread>
  <message>Start Test Case : Test Cases/MODULOK_nincs_login_belinkelve/Pacienstorzs/TC-MODUL-Pacienstorzs_paciensfelvetel_full_check</message>
  <nestedLevel>1</nestedLevel>
  <property name="name">Test Cases/MODULOK_nincs_login_belinkelve/Pacienstorzs/TC-MODUL-Pacienstorzs_paciensfelvetel_full_check</property>
  <property name="description">Felvesz egy p\u00E1cienset, majd mindent ellen\u0151riz, hogy a felvett adatok bekert\u00FCltek-e mindehova.</property>
  <property name="id">Test Cases/MODULOK_nincs_login_belinkelve/Pacienstorzs/TC-MODUL-Pacienstorzs_paciensfelvetel_full_check</property>
  <property name="source">C:\\Users\\User\\Katalon Studio\\RaulWeb1\\Test Cases\\MODULOK_nincs_login_belinkelve\\Pacienstorzs\\TC-MODUL-Pacienstorzs_paciensfelvetel_full_check.tc</property>
  <property name="tag"></property>
  <property name="isOptional">false</property>
</record>
<record>
  <date>2019-06-12T12:58:42</date>
  <millis>1560337122774</millis>
  <sequence>7</sequence>
  <level>INFO</level>
  <class>com.kms.katalon.core.logging.XmlKeywordLogger</class>
  <method>logMessage</method>
  <thread>1</thread>
  <message>(Default) var_nev = Uj_pajti</message>
  <nestedLevel>1</nestedLevel>
</record>
<record>
  <date>2019-06-12T12:58:42</date>
  <millis>1560337122785</millis>
  <sequence>8</sequence>
  <level>INFO</level>
  <class>com.kms.katalon.core.logging.XmlKeywordLogger</class>
  <method>logMessage</method>
  <thread>1</thread>
  <message>(Default) var_azonositoTip = 2</message>
  <nestedLevel>1</nestedLevel>
</record>
<record>
  <date>2019-06-12T12:58:42</date>
  <millis>1560337122796</millis>
  <sequence>9</sequence>
  <level>INFO</level>
  <class>com.kms.katalon.core.logging.XmlKeywordLogger</class>
  <method>logMessage</method>
  <thread>1</thread>
  <message>(Default) var_azonosito = 987654321</message>
  <nestedLevel>1</nestedLevel>
</record>
<record>
  <date>2019-06-12T12:58:42</date>
  <millis>1560337122804</millis>
  <sequence>10</sequence>
  <level>INFO</level>
  <class>com.kms.katalon.core.logging.XmlKeywordLogger</class>
  <method>logMessage</method>
  <thread>1</thread>
  <message>(Default) var_szulDat = 1984-12-01</message>
  <nestedLevel>1</nestedLevel>
</record>
<record>
  <date>2019-06-12T12:58:42</date>
  <millis>1560337122813</millis>
  <sequence>11</sequence>
  <level>INFO</level>
  <class>com.kms.katalon.core.logging.XmlKeywordLogger</class>
  <method>logMessage</method>
  <thread>1</thread>
  <message>(Default) var_szulHely = szulHely</message>
  <nestedLevel>1</nestedLevel>
</record>
<record>
  <date>2019-06-12T12:58:42</date>
  <millis>1560337122822</millis>
  <sequence>12</sequence>
  <level>INFO</level>
  <class>com.kms.katalon.core.logging.XmlKeywordLogger</class>
  <method>logMessage</method>
  <thread>1</thread>
  <message>(Default) var_anyjaNeve = anyjaNeve</message>
  <nestedLevel>1</nestedLevel>
</record>
<record>
  <date>2019-06-12T12:58:42</date>
  <millis>1560337122835</millis>
  <sequence>13</sequence>
  <level>INFO</level>
  <class>com.kms.katalon.core.logging.XmlKeywordLogger</class>
  <method>logMessage</method>
  <thread>1</thread>
  <message>(Default) var_szulNev = szulNev</message>
  <nestedLevel>1</nestedLevel>
</record>
<record>
  <date>2019-06-12T12:58:42</date>
  <millis>1560337122844</millis>
  <sequence>14</sequence>
  <level>INFO</level>
  <class>com.kms.katalon.core.logging.XmlKeywordLogger</class>
  <method>logMessage</method>
  <thread>1</thread>
  <message>(Default) var_allampolg = 109</message>
  <nestedLevel>1</nestedLevel>
</record>
<record>
  <date>2019-06-12T12:58:42</date>
  <millis>1560337122854</millis>
  <sequence>15</sequence>
  <level>INFO</level>
  <class>com.kms.katalon.core.logging.XmlKeywordLogger</class>
  <method>logMessage</method>
  <thread>1</thread>
  <message>(Default) var_tel = tel</message>
  <nestedLevel>1</nestedLevel>
</record>
<record>
  <date>2019-06-12T12:58:42</date>
  <millis>1560337122864</millis>
  <sequence>16</sequence>
  <level>INFO</level>
  <class>com.kms.katalon.core.logging.XmlKeywordLogger</class>
  <method>logMessage</method>
  <thread>1</thread>
  <message>(Default) var_mobile = 302147895</message>
  <nestedLevel>1</nestedLevel>
</record>
<record>
  <date>2019-06-12T12:58:42</date>
  <millis>1560337122872</millis>
  <sequence>17</sequence>
  <level>INFO</level>
  <class>com.kms.katalon.core.logging.XmlKeywordLogger</class>
  <method>logMessage</method>
  <thread>1</thread>
  <message>(Default) var_irsz = irsz</message>
  <nestedLevel>1</nestedLevel>
</record>
<record>
  <date>2019-06-12T12:58:42</date>
  <millis>1560337122882</millis>
  <sequence>18</sequence>
  <level>INFO</level>
  <class>com.kms.katalon.core.logging.XmlKeywordLogger</class>
  <method>logMessage</method>
  <thread>1</thread>
  <message>(Default) var_telep = telep</message>
  <nestedLevel>1</nestedLevel>
</record>
<record>
  <date>2019-06-12T12:58:42</date>
  <millis>1560337122892</millis>
  <sequence>19</sequence>
  <level>INFO</level>
  <class>com.kms.katalon.core.logging.XmlKeywordLogger</class>
  <method>logMessage</method>
  <thread>1</thread>
  <message>(Default) var_cim = cim</message>
  <nestedLevel>1</nestedLevel>
</record>
<record>
  <date>2019-06-12T12:58:42</date>
  <millis>1560337122903</millis>
  <sequence>20</sequence>
  <level>INFO</level>
  <class>com.kms.katalon.core.logging.XmlKeywordLogger</class>
  <method>logMessage</method>
  <thread>1</thread>
  <message>(Default) var_email = email</message>
  <nestedLevel>1</nestedLevel>
</record>
<record>
  <date>2019-06-12T12:58:42</date>
  <millis>1560337122916</millis>
  <sequence>21</sequence>
  <level>INFO</level>
  <class>com.kms.katalon.core.logging.XmlKeywordLogger</class>
  <method>logMessage</method>
  <thread>1</thread>
  <message>(Default) var_szig = szig</message>
  <nestedLevel>1</nestedLevel>
</record>
<record>
  <date>2019-06-12T12:58:42</date>
  <millis>1560337122928</millis>
  <sequence>22</sequence>
  <level>INFO</level>
  <class>com.kms.katalon.core.logging.XmlKeywordLogger</class>
  <method>logMessage</method>
  <thread>1</thread>
  <message>(Default) var_kgyogyKezd = 2010-01-01</message>
  <nestedLevel>1</nestedLevel>
</record>
<record>
  <date>2019-06-12T12:58:42</date>
  <millis>1560337122941</millis>
  <sequence>23</sequence>
  <level>INFO</level>
  <class>com.kms.katalon.core.logging.XmlKeywordLogger</class>
  <method>logMessage</method>
  <thread>1</thread>
  <message>(Default) var_kgyogyVege = 2010-03-10</message>
  <nestedLevel>1</nestedLevel>
</record>
<record>
  <date>2019-06-12T12:58:42</date>
  <millis>1560337122952</millis>
  <sequence>24</sequence>
  <level>INFO</level>
  <class>com.kms.katalon.core.logging.XmlKeywordLogger</class>
  <method>logMessage</method>
  <thread>1</thread>
  <message>(Default) var_kgyogyIgSzam = kgyogyIgSzam</message>
  <nestedLevel>1</nestedLevel>
</record>
<record>
  <date>2019-06-12T12:58:42</date>
  <millis>1560337122964</millis>
  <sequence>25</sequence>
  <level>INFO</level>
  <class>com.kms.katalon.core.logging.XmlKeywordLogger</class>
  <method>logMessage</method>
  <thread>1</thread>
  <message>(Default) var_noinput_azonElofordul = false</message>
  <nestedLevel>1</nestedLevel>
</record>
<record>
  <date>2019-06-12T12:58:42</date>
  <millis>1560337122966</millis>
  <sequence>26</sequence>
  <level>START</level>
  <class>com.kms.katalon.core.logging.XmlKeywordLogger</class>
  <method>startKeyword</method>
  <thread>1</thread>
  <message>Start listener action : beforeTestcase</message>
  <nestedLevel>1</nestedLevel>
</record>
<record>
  <date>2019-06-12T12:58:42</date>
  <millis>1560337122983</millis>
  <sequence>28</sequence>
  <level>START</level>
  <class>com.kms.katalon.core.logging.XmlKeywordLogger</class>
  <method>startKeyword</method>
  <thread>1</thread>
  <message>Start action : openBrowser(\&amp;quot;\&amp;quot;)</message>
  <nestedLevel>1</nestedLevel>
  <property name="startLine">32</property>
  <property name="stepIndex">1</property>
</record>
<record>
  <date>2019-06-12T12:58:43</date>
  <millis>1560337123428</millis>
  <sequence>30</sequence>
  <level>INFO</level>
  <class>com.kms.katalon.core.logging.XmlKeywordLogger</class>
  <method>logMessage</method>
  <thread>1</thread>
  <message>Starting &amp;apos;Chrome&amp;apos; driver</message>
  <nestedLevel>1</nestedLevel>
</record>
<record>
  <date>2019-06-12T12:58:43</date>
  <millis>1560337123481</millis>
  <sequence>31</sequence>
  <level>INFO</level>
  <class>com.kms.katalon.core.logging.XmlKeywordLogger</class>
  <method>logMessage</method>
  <thread>1</thread>
  <message>Action delay is set to 0 seconds</message>
  <nestedLevel>1</nestedLevel>
</record>
